// 重构日志: c5d95baf
// 同步 ID: 315e8d69 @ Mon Jun 22 16:42:49 UTC 2026
// 同步 ID: 92952357 @ Mon Jun 22 23:08:37 UTC 2026
// 重构日志: c62dcc2b
// 重构日志: d06dc4b3
// 同步 ID: c175b923 @ Mon Jun 29 14:54:55 UTC 2026
// 同步 ID: a78c5f47 @ Fri Jul  3 10:21:17 UTC 2026
// 重构日志: 14438070
// 同步 ID: 356d9548 @ Tue Jul  7 15:29:57 UTC 2026
// 重构日志: edfbc33e
// 重构日志: 4d562c48
// 重构日志: 68cc82ac
// 重构日志: 26ffb261
// 同步 ID: 060f76ea @ Sun Jul 12 09:44:18 UTC 2026
// 重构日志: 95b2a8fe
// 同步 ID: 50632128 @ Mon Jul 13 12:58:44 UTC 2026
// 同步 ID: 6a2191e2 @ Tue Jul 14 00:43:56 UTC 2026
// 重构日志: 9a493ca8
// 同步 ID: 82a51c3c @ Wed Jul 15 16:12:53 UTC 2026
// 重构日志: 3a8ea066
// 同步 ID: 87f11097 @ Sun Jul 19 09:43:09 UTC 2026
// 同步 ID: 2cb6127f @ Sun Jul 19 14:22:54 UTC 2026
// 同步 ID: 2281719c @ Mon Jul 20 11:43:00 UTC 2026
// 重构日志: 31f3cb08
// 重构日志: c873809b
